<?xml version="1.0" encoding="UTF-8"?>
<testng-results skipped="0" failed="3" ignored="0" total="5" passed="2">
  <reporter-output>
  </reporter-output>
  <suite name="Default suite" duration-ms="1443" started-at="2020-11-18T13:55:29 EET" finished-at="2020-11-18T13:55:31 EET">
    <groups>
    </groups>
    <test name="Default test" duration-ms="1443" started-at="2020-11-18T13:55:29 EET" finished-at="2020-11-18T13:55:31 EET">
      <class name="com.softserve.edu.GreenCityMenuTest">
        <test-method status="PASS" signature="BeforeSuite()[pri:0, instance:com.softserve.edu.GreenCityMenuTest@6aaceffd]" name="BeforeSuite" is-config="true" duration-ms="8572" started-at="2020-11-18T13:55:21 EET" finished-at="2020-11-18T13:55:29 EET">
          <reporter-output>
          </reporter-output>
        </test-method> <!-- BeforeSuite -->
        <test-method status="PASS" signature="testMenuFunctionality(java.lang.String, java.lang.String)[pri:0, instance:com.softserve.edu.GreenCityMenuTest@6aaceffd]" name="testMenuFunctionality" duration-ms="238" started-at="2020-11-18T13:55:30 EET" data-provider="getMenuFunctionalTestData" finished-at="2020-11-18T13:55:30 EET">
          <params>
            <param index="0">
              <value>
                <![CDATA[Eco news]]>
              </value>
            </param>
            <param index="1">
              <value>
                <![CDATA[Eco news]]>
              </value>
            </param>
          </params>
          <reporter-output>
          </reporter-output>
        </test-method> <!-- testMenuFunctionality -->
        <test-method status="FAIL" signature="testMenuFunctionality(java.lang.String, java.lang.String)[pri:0, instance:com.softserve.edu.GreenCityMenuTest@6aaceffd]" name="testMenuFunctionality" duration-ms="165" started-at="2020-11-18T13:55:30 EET" data-provider="getMenuFunctionalTestData" finished-at="2020-11-18T13:55:30 EET">
          <params>
            <param index="0">
              <value>
                <![CDATA[Tips & Tricks]]>
              </value>
            </param>
            <param index="1">
              <value>
                <![CDATA[Tips & Tricks]]>
              </value>
            </param>
          </params>
          <exception class="java.lang.AssertionError">
            <message>
              <![CDATA[expected [Tips & Tricks] but found [Home]]]>
            </message>
            <full-stacktrace>
              <![CDATA[java.lang.AssertionError: expected [Tips & Tricks] but found [Home]
at org.testng.Assert.fail(Assert.java:99)
at org.testng.Assert.failNotEquals(Assert.java:1037)
at org.testng.Assert.assertEqualsImpl(Assert.java:140)
at org.testng.Assert.assertEquals(Assert.java:122)
at org.testng.Assert.assertEquals(Assert.java:629)
at org.testng.Assert.assertEquals(Assert.java:639)
at com.softserve.edu.GreenCityMenuTest.testMenuFunctionality(GreenCityMenuTest.java:64)
at sun.reflect.NativeMethodAccessorImpl.invoke0(Native Method)
at sun.reflect.NativeMethodAccessorImpl.invoke(NativeMethodAccessorImpl.java:62)
at sun.reflect.DelegatingMethodAccessorImpl.invoke(DelegatingMethodAccessorImpl.java:43)
at java.lang.reflect.Method.invoke(Method.java:498)
at org.testng.internal.MethodInvocationHelper.invokeMethod(MethodInvocationHelper.java:132)
at org.testng.internal.TestInvoker.invokeMethod(TestInvoker.java:599)
at org.testng.internal.TestInvoker.invokeTestMethod(TestInvoker.java:174)
at org.testng.internal.MethodRunner.runInSequence(MethodRunner.java:46)
at org.testng.internal.TestInvoker$MethodInvocationAgent.invoke(TestInvoker.java:822)
at org.testng.internal.TestInvoker.invokeTestMethods(TestInvoker.java:147)
at org.testng.internal.TestMethodWorker.invokeTestMethods(TestMethodWorker.java:146)
at org.testng.internal.TestMethodWorker.run(TestMethodWorker.java:128)
at java.util.ArrayList.forEach(ArrayList.java:1259)
at org.testng.TestRunner.privateRun(TestRunner.java:764)
at org.testng.TestRunner.run(TestRunner.java:585)
at org.testng.SuiteRunner.runTest(SuiteRunner.java:384)
at org.testng.SuiteRunner.runSequentially(SuiteRunner.java:378)
at org.testng.SuiteRunner.privateRun(SuiteRunner.java:337)
at org.testng.SuiteRunner.run(SuiteRunner.java:286)
at org.testng.SuiteRunnerWorker.runSuite(SuiteRunnerWorker.java:53)
at org.testng.SuiteRunnerWorker.run(SuiteRunnerWorker.java:96)
at org.testng.TestNG.runSuitesSequentially(TestNG.java:1218)
at org.testng.TestNG.runSuitesLocally(TestNG.java:1140)
at org.testng.TestNG.runSuites(TestNG.java:1069)
at org.testng.TestNG.run(TestNG.java:1037)
at org.testng.remote.AbstractRemoteTestNG.run(AbstractRemoteTestNG.java:115)
at org.testng.remote.RemoteTestNG.initAndRun(RemoteTestNG.java:251)
at org.testng.remote.RemoteTestNG.main(RemoteTestNG.java:77)
]]>
            </full-stacktrace>
          </exception> <!-- java.lang.AssertionError -->
          <reporter-output>
          </reporter-output>
        </test-method> <!-- testMenuFunctionality -->
        <test-method status="FAIL" signature="testMenuFunctionality(java.lang.String, java.lang.String)[pri:0, instance:com.softserve.edu.GreenCityMenuTest@6aaceffd]" name="testMenuFunctionality" duration-ms="181" started-at="2020-11-18T13:55:30 EET" data-provider="getMenuFunctionalTestData" finished-at="2020-11-18T13:55:30 EET">
          <params>
            <param index="0">
              <value>
                <![CDATA[Places]]>
              </value>
            </param>
            <param index="1">
              <value>
                <![CDATA[Places]]>
              </value>
            </param>
          </params>
          <exception class="java.lang.AssertionError">
            <message>
              <![CDATA[expected [Places] but found [Map]]]>
            </message>
            <full-stacktrace>
              <![CDATA[java.lang.AssertionError: expected [Places] but found [Map]
at org.testng.Assert.fail(Assert.java:99)
at org.testng.Assert.failNotEquals(Assert.java:1037)
at org.testng.Assert.assertEqualsImpl(Assert.java:140)
at org.testng.Assert.assertEquals(Assert.java:122)
at org.testng.Assert.assertEquals(Assert.java:629)
at org.testng.Assert.assertEquals(Assert.java:639)
at com.softserve.edu.GreenCityMenuTest.testMenuFunctionality(GreenCityMenuTest.java:64)
at sun.reflect.NativeMethodAccessorImpl.invoke0(Native Method)
at sun.reflect.NativeMethodAccessorImpl.invoke(NativeMethodAccessorImpl.java:62)
at sun.reflect.DelegatingMethodAccessorImpl.invoke(DelegatingMethodAccessorImpl.java:43)
at java.lang.reflect.Method.invoke(Method.java:498)
at org.testng.internal.MethodInvocationHelper.invokeMethod(MethodInvocationHelper.java:132)
at org.testng.internal.TestInvoker.invokeMethod(TestInvoker.java:599)
at org.testng.internal.TestInvoker.invokeTestMethod(TestInvoker.java:174)
at org.testng.internal.MethodRunner.runInSequence(MethodRunner.java:46)
at org.testng.internal.TestInvoker$MethodInvocationAgent.invoke(TestInvoker.java:822)
at org.testng.internal.TestInvoker.invokeTestMethods(TestInvoker.java:147)
at org.testng.internal.TestMethodWorker.invokeTestMethods(TestMethodWorker.java:146)
at org.testng.internal.TestMethodWorker.run(TestMethodWorker.java:128)
at java.util.ArrayList.forEach(ArrayList.java:1259)
at org.testng.TestRunner.privateRun(TestRunner.java:764)
at org.testng.TestRunner.run(TestRunner.java:585)
at org.testng.SuiteRunner.runTest(SuiteRunner.java:384)
at org.testng.SuiteRunner.runSequentially(SuiteRunner.java:378)
at org.testng.SuiteRunner.privateRun(SuiteRunner.java:337)
at org.testng.SuiteRunner.run(SuiteRunner.java:286)
at org.testng.SuiteRunnerWorker.runSuite(SuiteRunnerWorker.java:53)
at org.testng.SuiteRunnerWorker.run(SuiteRunnerWorker.java:96)
at org.testng.TestNG.runSuitesSequentially(TestNG.java:1218)
at org.testng.TestNG.runSuitesLocally(TestNG.java:1140)
at org.testng.TestNG.runSuites(TestNG.java:1069)
at org.testng.TestNG.run(TestNG.java:1037)
at org.testng.remote.AbstractRemoteTestNG.run(AbstractRemoteTestNG.java:115)
at org.testng.remote.RemoteTestNG.initAndRun(RemoteTestNG.java:251)
at org.testng.remote.RemoteTestNG.main(RemoteTestNG.java:77)
]]>
            </full-stacktrace>
          </exception> <!-- java.lang.AssertionError -->
          <reporter-output>
          </reporter-output>
        </test-method> <!-- testMenuFunctionality -->
        <test-method status="PASS" signature="testMenuFunctionality(java.lang.String, java.lang.String)[pri:0, instance:com.softserve.edu.GreenCityMenuTest@6aaceffd]" name="testMenuFunctionality" duration-ms="229" started-at="2020-11-18T13:55:30 EET" data-provider="getMenuFunctionalTestData" finished-at="2020-11-18T13:55:31 EET">
          <params>
            <param index="0">
              <value>
                <![CDATA[About us]]>
              </value>
            </param>
            <param index="1">
              <value>
                <![CDATA[About us]]>
              </value>
            </param>
          </params>
          <reporter-output>
          </reporter-output>
        </test-method> <!-- testMenuFunctionality -->
        <test-method status="FAIL" signature="testMenuFunctionality(java.lang.String, java.lang.String)[pri:0, instance:com.softserve.edu.GreenCityMenuTest@6aaceffd]" name="testMenuFunctionality" duration-ms="308" started-at="2020-11-18T13:55:31 EET" data-provider="getMenuFunctionalTestData" finished-at="2020-11-18T13:55:31 EET">
          <params>
            <param index="0">
              <value>
                <![CDATA[My habits]]>
              </value>
            </param>
            <param index="1">
              <value>
                <![CDATA[My habits]]>
              </value>
            </param>
          </params>
          <exception class="java.lang.AssertionError">
            <message>
              <![CDATA[expected [My habits] but found [About us]]]>
            </message>
            <full-stacktrace>
              <![CDATA[java.lang.AssertionError: expected [My habits] but found [About us]
at org.testng.Assert.fail(Assert.java:99)
at org.testng.Assert.failNotEquals(Assert.java:1037)
at org.testng.Assert.assertEqualsImpl(Assert.java:140)
at org.testng.Assert.assertEquals(Assert.java:122)
at org.testng.Assert.assertEquals(Assert.java:629)
at org.testng.Assert.assertEquals(Assert.java:639)
at com.softserve.edu.GreenCityMenuTest.testMenuFunctionality(GreenCityMenuTest.java:64)
at sun.reflect.NativeMethodAccessorImpl.invoke0(Native Method)
at sun.reflect.NativeMethodAccessorImpl.invoke(NativeMethodAccessorImpl.java:62)
at sun.reflect.DelegatingMethodAccessorImpl.invoke(DelegatingMethodAccessorImpl.java:43)
at java.lang.reflect.Method.invoke(Method.java:498)
at org.testng.internal.MethodInvocationHelper.invokeMethod(MethodInvocationHelper.java:132)
at org.testng.internal.TestInvoker.invokeMethod(TestInvoker.java:599)
at org.testng.internal.TestInvoker.invokeTestMethod(TestInvoker.java:174)
at org.testng.internal.MethodRunner.runInSequence(MethodRunner.java:46)
at org.testng.internal.TestInvoker$MethodInvocationAgent.invoke(TestInvoker.java:822)
at org.testng.internal.TestInvoker.invokeTestMethods(TestInvoker.java:147)
at org.testng.internal.TestMethodWorker.invokeTestMethods(TestMethodWorker.java:146)
at org.testng.internal.TestMethodWorker.run(TestMethodWorker.java:128)
at java.util.ArrayList.forEach(ArrayList.java:1259)
at org.testng.TestRunner.privateRun(TestRunner.java:764)
at org.testng.TestRunner.run(TestRunner.java:585)
at org.testng.SuiteRunner.runTest(SuiteRunner.java:384)
at org.testng.SuiteRunner.runSequentially(SuiteRunner.java:378)
at org.testng.SuiteRunner.privateRun(SuiteRunner.java:337)
at org.testng.SuiteRunner.run(SuiteRunner.java:286)
at org.testng.SuiteRunnerWorker.runSuite(SuiteRunnerWorker.java:53)
at org.testng.SuiteRunnerWorker.run(SuiteRunnerWorker.java:96)
at org.testng.TestNG.runSuitesSequentially(TestNG.java:1218)
at org.testng.TestNG.runSuitesLocally(TestNG.java:1140)
at org.testng.TestNG.runSuites(TestNG.java:1069)
at org.testng.TestNG.run(TestNG.java:1037)
at org.testng.remote.AbstractRemoteTestNG.run(AbstractRemoteTestNG.java:115)
at org.testng.remote.RemoteTestNG.initAndRun(RemoteTestNG.java:251)
at org.testng.remote.RemoteTestNG.main(RemoteTestNG.java:77)
]]>
            </full-stacktrace>
          </exception> <!-- java.lang.AssertionError -->
          <reporter-output>
          </reporter-output>
        </test-method> <!-- testMenuFunctionality -->
        <test-method status="PASS" signature="afterSuite()[pri:0, instance:com.softserve.edu.GreenCityMenuTest@6aaceffd]" name="afterSuite" is-config="true" duration-ms="763" started-at="2020-11-18T13:55:31 EET" finished-at="2020-11-18T13:55:32 EET">
          <reporter-output>
          </reporter-output>
        </test-method> <!-- afterSuite -->
      </class> <!-- com.softserve.edu.GreenCityMenuTest -->
    </test> <!-- Default test -->
  </suite> <!-- Default suite -->
</testng-results>
